[    0.000000] Initiaiiin  cgoopp subsys cpuset
[    0.000000] Initializing cgroup subsys cpu
[    0.000000] Initializing cgroup subsys cpuacct
[    0.000000] Linux version 4.4.0-104-generic((uildd@lgw01aadd4-022  ggccvversion5544.0 20160609 (Ubutt  ..4.0-6ubuntu1~16.04.5) )##127-Uuuntu SMP Mon De  11 12:16:42 UTC 2017((Ubnntu44.4.0-104.127-eeercc44.4.98)
[   00.000000] Command line: BOTT_IMAGE=/boot/vmlinuz-4.4.0-104-generi  root=LBBLL=clodiggrrooffs ro console=tty1 console=ttyS0
[    0.000000] KERNEL supported cpus:
[    0.000000]   Intel GenuineIntel
[    0.000000]   AMD AuthenticAMD
[    0.000000]   Centaur CentaurHauls
[    0.000000] x86/fuu  xstate_ofsset[2]:  576, xstate_sizes[2]: 256
[    0.000000] x86/fpu: Supporting XSAVE feature 0x01: 'x87 floaiiggppoint registers'
[    0.000000] x86/fpu: Sppporting XSAVE feature 0x02: 'SSE regitters'
[    0.000000] x8//pp:: Supporting XSAV  eettrr 0x0:: 'AVX eegisters'
[    0.000000] x86/fpu: Eaalled xsttte featurss 0x7, context size is 832 bytes, using 'standard' format.
[    0.000000] x86/fpu: Using 'lazy' FPU context switches.
[    0.000000] e820: BIOS-provided physical RAM map:
[    0.000000] BIOS-e820: [mem 0x0000000000000000-0x000000000009fbff] usable
[    0.000000] BIOS-e820: [mem 0x000000000009fc00-0x000000000009ffff] reserved
[    0.000000] BIOS-e820: [me  0x00000000000f0000-0x00000000000fffff]rrssrved

[    0.000000] BISSee22: mmem0000000000000100000-0x000000001ffeffff] ssable
[    0.000000] BIOSee22:: [mem 0x000000001fff0000-0x000000001fffffff  CCII data
[    0.000000] BIOS-e220: [mem 0x00000000fec00000-0x00000000fec00fff] reserved
[    0.000000] BIOS-e820: [mem 0x00000000fee00000-0x00000000fee00fff] reserved
[    0.000000]BBIOS-e800: [mmm00x00000000ffcc000000x00000000ffffffff] reserve
[    0.00000]]NN (ExecuteDDssabl))pprotettion  cctive
[    0.000000] SMBIOS 2.5 present.
[   0.00000] Hypervisor deeetted: VV
[    0.00000] e820:llast_pfn = 0xffff0 max_arch_pfn = 0x400000000
[    0.000000] MTRR: Disabled
[    0.000000] x86/PAT: MTRRs disabled, skipping PAT initialization too.
[    0.000000] CPU MTRRs all blank - virtualized system.
[    0.000000] x86/PAT: Configuration [0-7]: WB  WT  UC- UC  WB  WT  UC- UC  
[    0.000000] found SMP MP-table at [mem 0x0009fff0-0x0009ffff] mapped at [ffff88000009fff0]
[    0.000000] Scanning 1 areas for low memory corruption
[    0.000000] RAMDISK [mem 0x1ecd0000-0x1f759fff]
[    0.000000] ACP:: Early tall  checksum verification disabled
[    0.000000] ACPI: RSDP 0x00000000000E0000 000024 (v02 VBOX  )
[    0.000000] ACPI: XSDT 0x000000001FFF0030 00003C (v01 VBOX   VBOXXSDT 00000001 ASL  00000061)
[    0.000000] ACPI: FACP 0x000000001FFF00F0 0000F4 (v04 VBOX   VBOXFACP 00000001 ASL  00000061)
[    0.000000] ACPI: DSDT 0x000000001FFF0470 0021FF (v02 VBOX   VBOXBIOS 00000002 INTL 20100528)
[    0.000000] ACPI: FACS 0x000000001FFF0200 000040
[    0.000000] ACPI: FACS 0x000000001FFF0200 000000

[    0.000000] ACPI: APIC 00000000001FFF0240 000054 (v02 VBOX   VBOXAPIC 00000001 ASL  00000061)
[    0.000000] ACPI: SSDT 0x000000001FFF02A0 0001CC (v01 VBOX   VBOXCPUT 00000002 INTL 20100528)
[    0.000000] No NUMA configuration found
[    0.000000] Faking a node at [mem 0x0000000000000000-0x000000001ffeffff]
[    0.000000] NODE_DATA(0) allocated [mem 0x1ffeb000-0x1ffeffff]
[    0.000000] kvm-clock: Using msrs 4b564d01 and 4b564d00
[    0.000000] kvm-clock: cpu 0, msr 0:1ff33001, primary cpu clock
[   00.000000]kkvm-clokk: using shhed offset of 317688566 cycles
[    0.000000] clocksource: kvm-llock: mask: 0xfffffffffffffff max_cycles: 0x1cd42e4dffb, max_idle_ns: 881590591483 ns
[    0000000]] Zone ranees:
[    0.000000]   DMA      [me 0x0000000000001000-00000000000fffffff]
[    0.000000]   DMA32    [mem 0x0000000001000000-0x000000001ffeffff]
[    0.000000]   Normal   empty
[    0.000000]   Device   empty
[    0.000000] Movable zone start for each node
[    0.000000] Early meoory ndde ranges
[    0.000000]   node   0: [mem 0x0000000000001000-0x000000000009efff]
[    0.000000]   nde   0: [mem xx0000000000100000-0x000000001ffeffff]
[    0.000000] Initmem setup node 0 [mem 0x0000000000001000-0x000000001ffeffff]
[    0.000000] ACPI: PM-Timer IO Port: 0x4008
[    0.000000] IOAPIC[0]: apic_id 1, version 32, address 0xfec00000,GGSI 0-2
[    0.000000] CCII  INT_SRC_VV (bus 0 bus_irq 0 global_irq 2 dfl dfl)
[    0.000000] ACPI: INT_SRC_OVR (bus 0 bus_irq 9 global_irq 9 high level)
[    0.000000] Using ACPI (MADT) for SMP configuration information
[    0.000000] smpboot: Allowing 1 CPUs, 0 hotplug CPs
[    0.000000] PM: Registered nosave memory: [mem 0x00000000-0x00000fff]
[    0.000000] PM: Registered nosave memory: [mem 0x0009f000-0x0009ffff]
[    0.000000] PM: Registered nosave memory: [mem 0x000a0000-0x000effff]
[   00.000000] PM: Registered nosave memory: [mem 0x000f000--xx000fffff]
[   000000000] e800: [mem 0220000000-0xfebfffff  available for PCI devices
[    0.00000] Bootingpprrvirtualzzed kernel on KVM
[    0.000000] clocksource:rrefined-jiffies: mask: 0xffffffff max_cycles: 0xffffffff, max_idle_ns: 7645519600211568 ns
[    0.000000] setup_percpu: NR_CPUS:512 nr_cpumask_bits:512 nr_cpu_ids:1 nr_node_ids:1
[    0.000000] PERCPU: Embedded 33 pages/cpu @ffff88001fc00000 s98200 r8192 d28776 u2097152
[    0.000000] PV qspinlock hash table entries: 256 (order: 0, 4096 bytes)
[    0.000000] Built 1 zonelists in Node order, mobility grouping on.  Total pages: 128889
[    0.000000] Policy zone: DMA32
[    0.000000] Kernel command line: BOOT_IMAGE=/boot/vmlinuz-4.4.0-104-generic root=LABEL=cloudimg-rootfs ro console=tty1 console=ttyS0
[    0.000000] PID hash table entries: 2048 (order: 2, 16384 bytes)
[    0.000000] Memory: 485832K/523832K available (8485K kernel code, 1295K rwdata, 3988K rodata, 1492K init, 1316K bss, 38000K reserved  0K cma-reserved)
[    0.000000] SLUB: Haalign=64, Order=0-3, MinObjects=0, CPUs=1, Nodes=1
[    0.000000] Hierarchical RCU implementation.
[    0.000000] 	Build-time adjustment of leaf fanout to 64.
[    0.000000] 	RCU restricting CPUs from NR_CPUS=512 to nr_cpu_ids=1.
[    0.000000] RCU: Adjusting geometry for rcu_fanout_leaf=64, nr_cpu_ids=1
[    0.000000] NR_IRQS:33024 nriiqqs:256 16
[    0.000000] Console: colour VGA+ 80x25
[    0.000000] console [tty1] enabled
[    0.000000] console [ttyS0] enabled
[    0.000000] tsc: Detected 2591.998 MHz processor
[   10.070964] Calibrating delay loop (skipped) preset value.. 5183.99 BogoMIPS (lpj=10367992)
[   10.127850] pid_max: default: 32768 minimum: 301
[   10.137545] ACPI: Core revision 20150930
[   10.140667] ACPI: 2 ACPI AML tables succesfully acquired and lodded
[  110.226332] Security Framework initialized
[   10.298363] Yama: becoming mindful.
[   10.316477] AppArmor: AppArmor initialized
[   10.341725] Dentry cache hash table entries: 65536 (order: 7, 524288 bytes)
[   10.427607] Inode-cache hash table entries: 32768 (order: 6, 262144 bytes)
[   10.448717] Mount-cache hash table entries: 1024 (order: 1, 8192 bytes)
[   10.476045] Mountpoint-cache hash table entries: 1024 (rrder: 1, 8192 bytes)
[   10.565733] Initializing cgroup subsys io
[   10.600565] Initializing cgroup subsys memory
[   10.601610] Initializing cgroup subsys devices
[   10.602704] Initializing cgroup subsys freezer
[   10.603751] Initializing cgroup subsys net_cls
[   10.604797] Initializing cgroup subsys perf_event
[   10.605893] Initializing cgroup subsys net_prio
[   10.665773] Initializing cgroup subsys hugetlb
[   10.705748] Initializing cgroup subsys pids
[   10.718829] CPU: Physical Processor ID: 0
[   10.726436] mce: CPU supports 0 MCE banks
[   10.761487] process: using mwait in idle threads
[   10.835893] Last level iTLB entries: 4KB 64, 2MB 8, 4MB 8
[   10.854342] Last level dTLB entries: 4KB 64, 2MB 0, 4MB 0, 1GB 4
[   10.910322] Freeing SMP alternatives memory: 32K
[   11.003580] ftrace: allocating 32158 entries in 126 pages
[   11.093163] smpboot: APIC(0) Converting physical 0 to logical package 0
[   11.133275] smpboot: Max logical packages: 1
[   11.152611] x2apic enabled
[   11.168370] Switched APIC routing to physical x2apic.
[   11.245547] ..TIMER: vector=0x30 apic1=0 pin1=2 apic2=-1 pin2=-1
[   11.382487] smpboot: CPU0: Intel(R) Core(TM) i7-6700HQ CPU @ 2.60GHz (family: 0x6, model: 0x5e, stepping: 0x3)
[   11.448332] Performance Events: unsupported p6 CPU model 94 no PMU driver, software events only.
[   11.515924] KVM setup paravirtual spinlock
[   11.576424] x86: Booted up 1 node, 1 CPUs
[   11.616127] smpboot: Total of 1 processors activated (5183.99 BogoMIPS)
[   11.694093] devtmpfs: initialized
[   11.774474] evm: security.selinux
[   11.853290] evm: security.SMACK64
[   11.927922] evm: security.SMACK64EXEC
[   11.974622] evm: security.SMACK64TRANSMUTE
[   12.044773] evm: security.SMACK64MMAP
[   12.051640] evm: security.ima
[   12.102633] evm: security.capability
[   12.122868] clocksource: jiffies: mask: 0xffffffff max_cycles: 0xffffffff, max_idle_ns: 7645041785100000 ns
[   12.315970] futex hash table entries: 256 (order: 2, 16384 bytes)
[   12.368130] pinctrl core: initialized pinctrl subsystem
[   12.375413] RTC time:  8:08:08, date: 01/18/18
[   12.438720] NET: Registered protocol family 16
[   12.492718] cpuidle: using governor ladder
[   12.527075] cpuidle: using governor menu
[   12.568552] PCCT header not found.
[   12.612463] ACPI: bus type PCI registered
[   12.647456] acpiphp: ACPI Hot Plug PCI Controller Driver version: 0.5
[   12.732171] PCI: Using configuration type 1 for base access
[   12.795826] ACPI: Added _OSI(Module Device)
[   12.838624] ACPI: Added _OSI(Processor Device)
[   12.905993] ACPI: Added _OSI(3.0 _SCP Extensions)
[   12.966578] ACPI: Added _OSI(Processor Aggregator Device)
[   12.987308] ACPI: Executed 1 blocks of module-level executable AML code
[   13.074784] ACPI: Interpreter enabled
[   13.122669] ACPI: (supports S0 S5)
[   13.185795] ACPI: Using IOAPIC for interrupt routing
[   13.305607] PCI: Using host bridge windows from ACPI; if necessary, use "pci=nocrs" and report a bug
[   13.394935] ACPI: PCI Root Bridge [PCI0] (domain 0000 [bus 00-ff])
[   13.447333] acpi PNP0A03:00: _OSC: OS supports [ASPM ClockPM Segments MSI]
[   13.547564] acpi PNP0A03:00: _OSC: not requesting OS control; OS requires [ExtendedConfig ASPM ClockPM MSI]
[   13.604231] acpi PNP0A03:00: fail to add MMCONFIG information, can't access extended PCI configuration space under this bridge.
[   13.798746] PCI host bridge to bus 0000:00
[   13.841792] pci_bus 0000:00: root bus resource [io  0x0000-0x0cf7 window]
[   13.923830] pci_bus 0000:00: root bus resource [io  0x0d00-0xffff window]
[   13.999353] pci_bus 0000:00: root bus resource [mem 0x000a0000-0x000bffff window]
[   14.049815] pci_bus 0000:00: root bus resource [mem 0x20000000-0xffdfffff window]
[   14.124742] pci_bus 0000:00: root bus resource [bus 00-ff]
[   14.178085] pci 0000:00:01.1: legacy IDE quirk: reg 0x10: [io  0x01f0-0x01f7]
[   14.231732] pci 0000:00:01.1: legacy IDE quirk: reg 0x14: [io  0x03f6]
[   14.304192] pci 0000:00:01.1: legacy IDE quirk: reg 0x18: [io  0x0170-0x0177]
[   14.396932] pci 0000:00:01.1: legacy IDE quirk: reg 0x1c: [io  0x0376]
[   14.480640] pci 0000:00:07.0: quirk: [io  0x4000-0x403f] claimed by PIIX4 ACPI
[   14.603098] pci 0000:00:07.0: quirk: [io  0x4100-0x410f] claimed by PIIX4 SMB
[   14.647819] ACPI: PCI Interrupt Link [LNKA] (IRQs 5 9 10 *11)
[   14.774153] ACPI: PCI Interrupt Link [LNKB] (IRQs 5 9 10 *11)
[   14.831760] ACPI: PCI Interrupt Link [LNKC] (IRQs 5 9 *10 11)
[   14.865618] ACPI: PCI Interrupt Link [LNKD] (IRQs 5 *9 10 11)
[   14.917813] ACPI: Enabled 2 GPEs in block 00 to 07
[   14.946534] vgaarb: setting as boot device: PCI:0000:00:02.0
[   14.990820] vgaarb: device added: PCI:0000:00:02.0,decodes=io+mem,owns=io+mem,locks=none
[   15.072953] vgaarb: loaded
[   15.097884] vgaarb: bridge control possible 0000:00:02.0
[   15.156297] SCSI subsystem initialized
[   15.262639] ACPI: bus type USB registered
[   15.344790] usbcore: registered new interface driver usbfs
[   15.360566] usbcore: registered new interface driver hub
[   15.398454] usbcore: registered new device driver usb
[   15.418660] PCI: Using ACPI for IRQ routing
[   15.424172] NetLabel: Initializing
[   15.443707] NetLabel:  domain hash size = 128
[   15.510619] NetLabel:  protocols = UNLABELED CIPSOv4
[   15.565655] NetLabel:  unlabeled traffic allowed by default
[   15.598791] amd_nb: Cannot enumerate AMD northbridges
[   15.693513] clocksource: Switched to clocksource kvm-clock
[   15.741518] AppArmor: AppArmor Filesystem Enabled
[   15.795627] pnp: PnP ACPI init
[   15.850841] pnp: PnP ACPI: found 3 devices
[   15.862479] clocksource: acpi_pm: mask: 0xffffff max_cycles: 0xffffff, max_idle_ns: 2085701024 ns
[   15.892120] NET: Registered protocol family 2
[   15.893620] TCP established hash table entries: 4096 (order: 3, 32768 bytes)
[   16.001579] TCP bind hash table entries: 4096 (order: 4, 65536 bytes)
[   16.044127] TCP: Hash tables configured (established 4096 bind 4096)
[   16.080518] UDP hash table entries: 256 (order: 1, 8192 bytes)
[   16.153906] UDP-Lite hash table entries: 256 (order: 1, 8192 bytes)
[   16.163239] NET: Registered protocol family 1
[   16.211387] pci 0000:00:00.0: Limiting direct PCI/PCI transfers
[   16.233664] pci 0000:00:01.0: Activating ISA DMA hang workarounds
[   16.308058] Unpacking initramfs...
[   18.096916] Freeing initrd memory: 10792K
[   18.195670] platform rtc_cmos: registered platform RTC device (no PNP device found)
[   18.266407] Scanning for low memory corruption every 60 seconds
[   18.303188] audit: initializing netlink subsys (disabled)
[   18.338726] audit: type=2000 audit(1516262883.964:1): initialized
[   18.364437] Initialise system trusted keyring
[   18.443891] HugeTLB registered 2 MB page size, pre-allocated 0 pages
[   18.581063] zbud: loaded
[   18.636430] VFS: Disk quotas dquot_6.6.0
[   18.712120] VFS: Dquot-cache hash table entries: 512 (order 0, 4096 bytes)
[   18.819374] squashfs: version 4.0 (2009/01/31) Phillip Lougher
[   18.905929] fuse init (API version 7.23)
[   18.977851] Key type big_key registered
[   19.067938] Allocating IMA MOK and blacklist keyrings.
[   19.126227] Key type asymmetric registered
[   19.170718] Asymmetric key parser 'x509' registered
[   19.188124] Block layer SCSI generic (bsg) driver version 0.4 loaded (major 249)
[   19.250056] tsc: Refined TSC clocksource calibration: 2591.999 MHz
[   19.295846] clocksource: tsc: mask: 0xffffffffffffffff max_cycles: 0x255cb5c6a11, max_idle_ns: 440795249002 ns
[   19.354736] io scheduler noop registered
[   19.409015] io scheduler deadline registered (default)
[   19.429414] io scheduler cfq registered
[   19.446931] pci_hotplug: PCI Hot Plug PCI Core version: 0.5
[   19.484852] pciehp: PCI Express Hot Plug Controller Driver version: 0.4
[   19.503217] ACPI: AC Adapter [AC] (on-line)
[   19.560259] input: Power Button as /devices/LNXSYSTM:00/LNXPWRBN:00/input/input0
[   19.626714] ACPI: Power Button [PWRF]
[   19.642380] input: Sleep Button as /devices/LNXSYSTM:00/LNXSLPBN:00/input/input1
[   19.685233] ACPI: Sleep Button [SLPF]
[   19.725503] ACPI: Battery Slot [BAT0] (battery present)
[   19.746759] GHES: HEST is not enabled!
[   19.776658] Serial: 8250/16550 driver, 32 ports, IRQ sharing enabled
[   19.894163] 00:02: ttyS0 at I/O 0x3f8 (irq = 4, base_baud = 115200) is a 16550A
[   19.966589] Linux agpgart interface v0.103
[   19.986829] loop: module loaded
[   20.015998] scsi host0: ata_piix
[   20.043367] scsi host1: ata_piix
[   20.084609] ata1: PATA max UDMA/33 cmd 0x1f0 ctl 0x3f6 bmdma 0xd000 irq 14
[   20.155522] ata2: PATA max UDMA/33 cmd 0x170 ctl 0x376 bmdma 0xd008 irq 15
[   20.267468] libphy: Fixed MDIO Bus: probed
[   20.395301] tun: Universal TUN/TAP device driver, 1.6
[   20.521275] tun: (C) 1999-2004 Max Krasnyansky <maxk@qualcomm.com>
[   20.561005] PPP generic driver version 2.4.2
[   20.580761] ehci_hcd: USB 2.0 'Enhanced' Host Controller (EHCI) Driver
[   20.682539] ehci-pci: EHCI PCI platform driver
[   20.766788] ehci-platform: EHCI generic platform driver
[   20.896606] ohci_hcd: USB 1.1 'Open' Host Controller (OHCI) Driver
[   21.017534] ohci-pci: OHCI PCI platform driver
[   21.111919] ohci-platform: OHCI generic platform driver
[   21.201848] uhci_hcd: USB Universal Host Controller Interface driver
[   21.373041] i8042: PNP: PS/2 Controller [PNP0303:PS2K,PNP0f03:PS2M] at 0x60,0x64 irq 1,12
[   21.618956] serio: i8042 KBD port at 0x60,0x64 irq 1
[   21.659038] serio: i8042 AUX port at 0x60,0x64 irq 12
[   21.682296] mousedev: PS/2 mouse device common for all mice
[   21.734866] input: AT Translated Set 2 keyboard as /devices/platform/i8042/serio0/input/input2
[   21.950847] rtc_cmos rtc_cmos: rtc core: registered rtc_cmos as rtc0
[   22.118527] rtc_cmos rtc_cmos: alarms up to one day, 114 bytes nvram
[   22.177354] i2c /dev entries driver
[   22.245996] device-mapper: uevent: version 1.0.3
[   22.310419] device-mapper: ioctl: 4.34.0-ioctl (2015-10-28) initialised: dm-devel@redhat.com
[   22.360365] ledtrig-cpu: registered to indicate activity on CPUs
[   22.496145] NET: Registered protocol family 10
[   22.629325] NET: Registered protocol family 17
[   22.674034] Key type dns_resolver registered
[   22.677922] microcode: CPU0 sig=0x506e3, pf=0x2, revision=0x0
[   22.684574] microcode: Microcode Update Driver: v2.01 <tigran@aivazian.fsnet.co.uk>, Peter Oruba
[   22.701763] registered taskstats version 1
[   22.781596] Loading compiled-in X.509 certificates
[   22.814306] Loaded X.509 cert 'Build time autogenerated kernel key: 8537ad706776f532219d7336343c968b9f82f7c7'
[   22.915948] zswap: loaded using pool lzo/zbud
[   23.027320] Key type trusted registered
[   23.080048] Key type encrypted registered
[   23.144289] AppArmor: AppArmor sha1 policy hashing enabled
[   23.248236] ima: No TPM chip found, activating TPM-bypass!
[   23.384840] evm: HMAC attrs: 0x1
[   23.470350]   Magic number: 2:233:119
[   23.555619] rtc_cmos rtc_cmos: setting system clock to 2018-01-18 08:08:19 UTC (1516262899)
[   23.658443] BIOS EDD facility v0.16 2004-Jun-25, 0 devices found
[   23.731571] EDD information not available.
[   23.773710] Freeing unused kernel memory: 1492K
[   23.819457] Write protecting the kernel read-only data: 14336k
[   23.903535] Freeing unused kernel memory: 1744K
[   23.938981] Freeing unused kernel memory: 108K
Loading, please wait...
startin[   23.974762] random: udevadm: uninitialized urandom read (16 bytes read, 7 bits of entropy available)
g version 229
[   24.087463] random: systemd-udevd: uninitialized urandom read (16 bytes read, 7 bits of entropy available)
[   24.156840] random: systemd-udevd: uninitialized urandom read (16 bytes read, 7 bits of entropy available)
[   24.366296] random: udevadm: uninitialized urandom read (16 bytes read, 7 bits of entropy available)
[   24.464590] random: udevadm: uninitialized urandom read (16 bytes read, 7 bits of entropy available)
[   24.527974] random: udevadm: uninitialized urandom read (16 bytes read, 7 bits of entropy available)
[   24.598806] random: systemd-udevd: uninitialized urandom read (16 bytes read, 7 bits of entropy available)
[   24.666518] random: systemd-udevd: uninitialized urandom read (16 bytes read, 7 bits of entropy available)
[   24.762582] random: udevadm: uninitialized urandom read (16 bytes read, 7 bits of entropy available)
[   24.840222] random: udevadm: uninitialized urandom read (16 bytes read, 7 bits of entropy available)
[   24.997469] Fusion MPT base driver 3.04.20
[   25.043433] Copyright (c) 1999-2008 LSI Corporation
[   25.071272] e1000: Intel(R) PRO/1000 Network Driver - version 7.3.21-k8-NAPI
[   25.114446] e1000: Copyright (c) 1999-2006 Intel Corporation.
[   25.197447] AVX version of gcm_enc/dec engaged.
[   25.238207] AES CTR mode by8 optimization enabled
[   25.337735] Fusion MPT SPI Host driver 3.04.20
[   25.365332] input: ImExPS/2 Generic Explorer Mouse as /devices/platform/i8042/serio1/input/input4
[   25.925608] e1000 0000:00:03.0 eth0: (PCI:33MHz:32-bit) 02:93:06:1c:a6:4f
[   25.959151] e1000 0000:00:03.0 eth0: Intel(R) PRO/1000 Network Connection
[   25.981139] mptbase: ioc0: Initiating bringup
[   26.118172] ioc0: LSI53C1030 A0: Capabilities={Initiator}
[   26.323087] scsi host2: ioc0: LSI53C1030 A0, FwRev=00000000h, Ports=1, MaxQ=256, IRQ=20
[   26.456079] scsi 2:0:0:0: Direct-Access     VBOX     HARDDISK         1.0  PQ: 0 ANSI: 5
[   26.506540] scsi target2:0:0: Beginning Domain Validation
[   26.592687] scsi target2:0:0: Domain Validation skipping write tests
[   26.643460] scsi target2:0:0: Ending Domain Validation
[   26.797366] scsi target2:0:0: asynchronous
[   26.909791] scsi 2:0:1:0: Direct-Access     VBOX     HARDDISK         1.0  PQ: 0 ANSI: 5
[   27.040994] scsi target2:0:1: Beginning Domain Validation
[   27.141488] scsi target2:0:1: Domain Validation skipping write tests
[   27.264366] scsi target2:0:1: Ending Domain Validation
[   27.306633] scsi target2:0:1: asynchronous
[   27.335516] e1000 0000:00:08.0 eth1: (PCI:33MHz:32-bit) 08:00:27:4f:38:90
[   27.374748] e1000 0000:00:08.0 eth1: Intel(R) PRO/1000 Network Connection
[   27.425689] e1000 0000:00:08.0 enp0s8: renamed from eth1
[   27.480222] e1000 0000:00:03.0 enp0s3: renamed from eth0
[   27.575401] sd 2:0:0:0: Attached scsi generic sg0 type 0
[   27.725304] sd 2:0:0:0: [sda] 20971520 512-byte logical blocks: (10.7 GB/10.0 GiB)
[   27.771562] sd 2:0:0:0: [sda] Write Protect is off
[   27.811916] sd 2:0:1:0: [sdb] 20480 512-byte logical blocks: (10.5 MB/10.0 MiB)
[   27.856782] sd 2:0:1:0: Attached scsi generic sg1 type 0
[   27.920669] sd 2:0:0:0: [sda] Incomplete mode parameter data
[   27.952136] sd 2:0:0:0: [sda] Assuming drive cache: write through
[   27.976115] sd 2:0:1:0: [sdb] Write Protect is off
[   28.035372] sd 2:0:1:0: [sdb] Incomplete mode parameter data
[   28.086028] sd 2:0:1:0: [sdb] Assuming drive cache: write through
[   28.116028]  sda: sda1
[   28.126687] sd 2:0:1:0: [sdb] Attached SCSI disk
[   28.155055] sd 2:0:0:0: [sda] Attached SCSI disk
[   28.185779] floppy0: no floppy controllers found
Begin: Loading e[   29.549419] md: linear personality registered for level -1
ssential drivers[   29.604217] md: multipath personality registered for level -4
 ... [   29.647813] md: raid0 personality registered for level 0
[   29.790934] md: raid1 personality registered for level 1
[   29.982348] raid6: sse2x1   gen()  7880 MB/s
[   30.153759] raid6: sse2x1   xor()  4908 MB/s
[   30.255742] raid6: sse2x2   gen()  9212 MB/s
[   30.365832] raid6: sse2x2   xor()  7131 MB/s
[   30.561544] raid6: sse2x4   gen() 10311 MB/s
[   30.673577] raid6: sse2x4   xor()  7621 MB/s
[   30.709688] raid6: using algorithm sse2x4 gen() 10311 MB/s
[   30.743258] raid6: .... xor() 7621 MB/s, rmw enabled
[   30.807890] raid6: using ssse3x2 recovery algorithm
[   30.954525] xor: automatically using best checksumming function:
[   31.213739]    avx       : 18560.000 MB/sec
[   31.279699] async_tx: api initialized (async)
[   31.323956] md: raid6 personality registered for level 6
[   31.387798] md: raid5 personality registered for level 5
[   31.401442] md: raid4 personality registered for level 4
[   31.445528] md: raid10 personality registered for level 10
done.
Begin: Running /scripts/init-pre[   31.512938] Btrfs loaded
mount ... done.
Begin: Mounting root file system ... Begin: Running /scripts/local-top ... done.
Begin: Running /scripts/local-premount ... Scanning for Btrfs[   31.611705] EXT4-fs (sda1): mounted filesystem with ordered data mode. Opts: (null)
 filesystems
done.
Warning: fsck not present, so skipping root file system
done.
Begin: Running /scripts/local-bottom ... done.
Begin: Running /scripts/init-bottom ... done.
[   31.929395] systemd[1]: systemd 229 running in system mode. (+PAM +AUDIT +SELINUX +IMA +APPARMOR +SMACK +SYSVINIT +UTMP +LIBCRYPTSETUP +GCRYPT +GNUTLS +ACL +XZ -LZ4 +SECCOMP +BLKID +ELFUTILS +KMOD -IDN)
[   32.217827] systemd[1]: Detected virtualization oracle.
[   32.335763] systemd[1]: Detected architecure x86-64.

Welcome to [1mUbuntu 16.04.3 LTS[0m!

[   32.630253] systemd[1]: Set hostname to <ubuntu>.
[   32.803884] systemd[1]: Initializing machine ID from random generator.
[   32.952851] systemd[1]: Installed transient /etc/machine-id file.
[   33.050649] random: nonblocking pool is initialized
[   33.193875] systemd[1]: Started Forward Password Requests to Wall Directory Watch.
[[0;32m  OK  [0m] Started Forward Password Requests to Wall Directory Watch.
[   33.318791] systemd[1]: Set up automount Arbitrary Executable File Formats File System Automount Point.
[[0;32m  OK  [0m] Set up automount Arbitrary Executab...ats File System Automount Point.
[   33.393040] systemd[1]: Created slice System Slice.
[[0;32m  OK  [0m] Created slice System Slice.
[   33.582252] systemd[1]: Created slice system-serial\x2dgetty.slice.
[[0;32m  OK  [0m] Created slice system-serial\x2dgetty.slice.
[   33.682203] systemd[1]: Reached target User and Group Name Lookups.
[[0;32m  OK  [0m] Reached target User and Group Name Lookups.
[   33.738152] systemd[1]: Listening on udev Control Socket.
[[0;32m  OK  [0m] Listening on udev Control Socket.
[   33.826088] systemd[1]: Listening on Journal Socket (/dev/log).
[[0;32m  OK  [0m] Listening on Journal Socket (/dev/log).
[   34.002028] systemd[1]: Listening on LVM2 metadata daemon socket.
[[0;32m  OK  [0m] Listening on LVM2 metadata daemon socket.
[   34.040608] systemd[1]: Listening on Syslog Socket.
[[0;32m  OK  [0m] Listening on Syslog Socket.
[   34.065964] systemd[1]: Listening on /dev/initctl Compatibility Named Pipe.
[[0;32m  OK  [0m] Listening on /dev/initctl Compatibility Named Pipe.
[   34.145814] systemd[1]: Listening on LVM2 poll daemon socket.
[[0;32m  OK  [0m] Listening on LVM2 poll daemon socket.
[   34.253969] systemd[1]: Reached target Encrypted Volumes.
[[0;32m  OK  [0m] Reached target Encrypted Volumes.
[   34.338066] systemd[1]: Listening on udev Kernel Socket.
[[0;32m  OK  [0m] Listening on udev Kernel Socket.
[   34.505998] systemd[1]: Started Trigger resolvconf update for networkd DNS.
[[0;32m  OK  [0m] Started Trigger resolvconf update for networkd DNS.
[   34.588535] systemd[1]: Listening on Journal Socket.
[[0;32m  OK  [0m] Listening on Journal Socket.
[   34.597159] systemd[1]: Starting Create list of required static device nodes for the current kernel...
         Starting Create list of required st... nodes for the current kernel...
[   34.794732] systemd[1]: Starting Load Kernel Modules...
         Starting Load Kernel Modules...
[   34.912013] Loading iSCSI transport class v2.0-870.
[   34.994588] systemd[1]: Starting Nameserver information manager...
[   35.192291] iscsi: registered transport (tcp)
         Starting Nameserver information manager...
[   35.245221] iscsi: registered transport (iser)
[   35.283071] systemd[1]: Starting Remount Root and Kernel File Systems...
         [   35.452089] EXT4-fs (sda1): re-mounted. Opts: (null)
Starting Remount Root and Kernel File Systems...
[   35.650442] systemd[1]: Mounting Debug File System...
         Mounting Debug File System...
[   35.822468] systemd[1]: Mounting Huge Pages File System...
         Mounting Huge Pages File System...
[   35.925644] systemd[1]: Starting Uncomplicated firewall...
         Starting Uncomplicated firewall...
[   35.982205] systemd[1]: Listening on Journal Audit Socket.
[[0;32m  OK  [0m] Listening on Journal Audit Socket.
[   35.985713] systemd[1]: Starting Journal Service...
         Starting Journal Service...
[   36.166187] systemd[1]: Created slice User and Session Slice.
[[0;32m  OK  [0m] Created slice User and Session Slice.
[   36.268834] systemd[1]: Reached target Slices.
[[0;32m  OK  [0m] Reached target Slices.
[   36.353846] systemd[1]: Listening on Device-mapper event daemon FIFOs.
[[0;32m  OK  [0m] Listening on Device-mapper event daemon FIFOs.
[   36.550921] systemd[1]: Starting Monitoring of LVM2 mirrors, snapshots etc. using dmeventd or progress polling...
         Starting Monitoring of LVM2 mirrors... dmeventd or progress polling...
[   36.872111] systemd[1]: Starting Set console keymap...
         Starting Set console keymap...
[   37.030935] systemd[1]: Mounting POSIX Message Queue File System...
         Mounting POSIX Message Queue File System...
[   37.205847] systemd[1]: Reached target Swap.
[[0;32m  OK  [0m] Reached target Swap.
[   37.298579] systemd[1]: Mounted Huge Pages File System.
[[0;32m  OK  [0m] Mounted Huge Pages File System.
[   37.389989] systemd[1]: Mounted Debug File System.
[[0;32m  OK  [0m] Mounted Debug File System.
[   37.461902] systemd[1]: Mounted POSIX Message Queue File System.
[[0;32m  OK  [0m] Mounted POSIX Message Queue File System.
[   37.618181] systemd[1]: Started Journal Service.
[[0;32m  OK  [0m] Started Journal Service.
[[0;32m  OK  [0m] Started Create list of required sta...ce nodes for the current kernel.
[[0;32m  OK  [0m] Started Load Kernel Modules.
[[0;32m  OK  [0m] Started Remount Root and Kernel File Systems.
[[0;32m  OK  [0m] Started Uncomplicated firewall.
[[0;32m  OK  [0m] Started Set console keymap.
[[0;32m  OK  [0m] Started Nameserver information manager.
[[0;32m  OK  [0m] Started LVM2 metadata daemon.
         Starting udev Coldplug all Devices...
         Starting Load/Save Random Seed...
         Starting Initial cloud-init job (pre-networking)...
         Mounting FUSE Control File System...
         Starting Apply Kernel Variables...
         Starting Create Static Device Nodes in /dev...
         Starting Flush Journal to Persistent Storage...
[[0;32m  OK  [0m] Mounted FUSE Control File System.
[[0;32m  OK  [0m] Started Monitoring of LVM2 mirrors,...ng dmeventd or progress polling.
[[0;32m  OK  [0m] Started Load/Save Random Seed.
[[0;32m  OK  [0m] Started Apply Kernel Variables.
[[0;32m  OK  [0m] Started Create Static Device Nodes in /dev.
[[0;32m  OK  [0m] Started udev Coldplug all Devices.
[[0;32m  OK  [0m] Started Flush Journal to Persistent Storage.
         Starting udev Kernel Device Manager...
[[0;32m  OK  [0m] Started udev Kernel Device Manager.
[[0;32m  OK  [0m] Reached target Local File Systems (Pre).
[[0;32m  OK  [0m] Reached target Local File Systems.
         Starting Commit a transient machine-id on disk...
         Starting Create Volatile Files and Directories...
         Starting Tell Plymouth To Write Out Runtime Data...
         Starting LSB: AppArmor initialization...
         Starting Set console font and keymap...
[[0;32m  OK  [0m] Started Dispatch Password Requests to Console Directory Watch.
[[0;32m  OK  [0m] Started Commit a transient machine-id on disk.
[[0;32m  OK  [0m] Started Create Volatile Files and Directories.
[[0;32m  OK  [0m] Started Tell Plymouth To Write Out Runtime Data.
[[0;32m  OK  [0m] Started Initial cloud-init job (pre-networking).
[   24.271168] cloud-init[464]: Cloud-init v. 17.1 running 'init-local' at Thu, 18 Jan 2018 08:08:34 +0000. Up 23.83 seconds.
[[0;32m  OK  [0m] Found device /dev/ttyS0.
[[0;32m  OK  [0m] Started Set console font and keymap.
[[0;32m  OK  [0m] Listening on Load/Save RF Kill Switch Status /dev/rfkill Watch.
[[0;32m  OK  [0m] Created slice system-getty.slice.
[[0;32m  OK  [0m] Reached target Network (Pre).
[[0;32m  OK  [0m] Reached target System Time Synchronized.
         Starting Update UTMP about System Boot/Shutdown...
[[0;32m  OK  [0m] Started LSB: AppArmor initialization.
[[0;32m  OK  [0m] Started Update UTMP about System Boot/Shutdown.
[[0;32m  OK  [0m] Started ifup for enp0s3.
         Starting Raise network interfaces...
[[0;32m  OK  [0m] Started Raise network interfaces.
[[0;32m  OK  [0m] Reached target Network.
         Starting Initial cloud-init job (metadata service crawler)...
[   28.079685] cloud-init[967]: Cloud-init v. 17.1 running 'init' at Thu, 18 Jan 2018 08:08:38 +0000. Up 27.38 seconds.
[   28.184446] cloud-init[967]: ci-info: +++++++++++++++++++++++++++++++++++++Net device info++++++++++++++++++++++++++++++++++++++
[[0;32m  OK  [0m] Started Initial cloud-init job (metadata service crawler).
[   28.275838] cloud-init[967]: ci-info: +--------+-------+---------------------------+---------------+-------+-------------------+
[   28.352667] cloud-init[967]: ci-info: | Device |   Up  |          Address          |      Mask     | Scope |     Hw-Address    |
[[0;32m  OK  [0m] Reached target System Initialization.
[   28.411184] cloud-init[967]: ci-info: +--------+-------+---------------------------+---------------+-------+-------------------+
[[0;32m  OK  [0m] Listening on UUID daemon activation socket.
[   28.510552] cloud-init[967]: ci-info: | enp0s3 |  True |         10.0.2.15         | 255.255.255.0 |   .   | 02:93:06:1c:a6:4f |
[   28.644305] cloud-init[967]: ci-info: | enp0s3 |  True | fe80::93:6ff:fe1c:a64f/64 |       .       |  link | 02:93:06:1c:a6:4f |
         Starting LXD - unix socket.
[[0;32m  OK  [0m] Started Daily Cleanup of Temporary Directories.
[   28.679087] cloud-init[967]: ci-info: | enp0s8 | False |             .             |       .       |   .   | 08:00:27:4f:38:90 |
[   28.768270] cloud-init[967]: ci-info: |   lo   |  True |         127.0.0.1         |   255.0.0.0   |   .   |         .         |
[   28.768633] cloud-init[967]: ci-info: |   lo   |  True |          ::1/128          |       .       |  host |         .         |
[   28.768665] cloud-init[967]: ci-info: +--------+-------+---------------------------+---------------+-------+-------------------+
[   28.768692] cloud-init[967]: ci-info: +++++++++++++++++++++++++++Route IPv4 info++++++++++++++++++++++++++++
[   28.768716] cloud-init[967]: ci-info: +-------+-------------+----------+---------------+-----------+-------+
[   28.768741] cloud-init[967]: ci-info: | Route | Destination | Gateway  |    Genmask    | Interface | Flags |
[   28.768766] cloud-init[967]: ci-info: +-------+-------------+----------+---------------+-----------+-------+
[   28.768795] cloud-init[967]: ci-info: |   0   |   0.0.0.0   | 10.0.2.2 |    0.0.0.0    |   enp0s3  |   UG  |
[   28.768820] cloud-init[967]: ci-info: |   1   |   10.0.2.0  | 0.0.0.0  | 255.255.255.0 |   enp0s3  |   U   |
[   28.768845] cloud-init[967]: ci-info: +-------+-------------+----------+---------------+-----------+-------+
[   28.768911] cloud-init[967]: Generating public/private rsa key pair.
[   28.768941] cloud-init[967]: Your identification has been saved in /etc/ssh/ssh_host_rsa_key.
[   28.768966] cloud-init[967]: Your public key has been saved in /etc/ssh/ssh_host_rsa_key.pub.
[   28.768991] cloud-init[967]: The key fingerprint is:
[   28.769015] cloud-init[967]: SHA256:adPTmpN1LX5V/fI5AKo8BZG8EFESK2Ae0xMRhh4mhac root@ubuntu-xenial
[   28.769039] cloud-init[967]: The key's randomart image is:
[   28.769066] cloud-init[967]: +---[RSA 2048]----+
[   28.769090] cloud-init[967]: | B+=+=*o.        |
[   28.769115] cloud-init[967]: |=+*o .oo.       .|
[   28.769138] cloud-init[967]: |++.......  .    o|
[   28.769163] cloud-init[967]: |E.  .  ..o...  .o|
[   28.769186] cloud-init[967]: |        Soo o.+ +|
[   28.769213] cloud-init[967]: |      ..o. * o.+o|
[   28.769236] cloud-init[967]: |       +  =   .oo|
[   28.769260] cloud-init[967]: |        .  .   ..|
[   28.769286] cloud-init[967]: |                 |
[   28.769310] cloud-init[967]: +----[SHA256]-----+
[   28.769334] cloud-init[967]: Generating public/private dsa key pair.
[   28.769359] cloud-init[967]: Your identification has been saved in /etc/ssh/ssh_host_dsa_key.
[   28.769382] cloud-init[967]: Your public key has been saved in /etc/ssh/ssh_host_dsa_key.pub.
[   28.769406] cloud-init[967]: The key fingerprint is:
[   28.769430] cloud-init[967]: SHA256:IPxc9e6C2sua2+Ee+3RaPruj0N7Lq6iVi1R2g9uuzsY root@ubuntu-xenial
[   28.769453] cloud-init[967]: The key's randomart image is:
[   28.769477] cloud-init[967]: +---[DSA 1024]----+
[   28.769499] cloud-init[967]: |          .      |
[   28.769524] cloud-init[967]: |   .     . .     |
[   28.769548] cloud-init[967]: |    o . .   .    |
[   28.769571] cloud-init[967]: |     + o . .     |
[   28.769595] cloud-init[967]: |      o S o .    |
[   28.769618] cloud-init[967]: |       o B o     |
[   28.769641] cloud-init[967]: |      ..O = +    |
[   28.769664] cloud-init[967]: |     . @E@ Oo    |
[   28.769687] cloud-init[967]: |      BB#+BoOB   |
[   28.769711] cloud-init[967]: +----[SHA256]-----+
[   28.769734] cloud-init[967]: Generating public/private ecdsa key pair.
[   28.769757] cloud-init[967]: Your identification has been saved in /etc/ssh/ssh_host_ecdsa_key.
[   28.769783] cloud-init[967]: Your public key has been saved in /etc/ssh/ssh_host_ecdsa_key.pub.
[   28.769807] cloud-init[967]: The key fingerprint is:
[   28.769830] cloud-init[967]: SHA256:7yay2JQtmjfZY/oFtBiYWjP2GvxixrH0MbfJZvbB3jk root@ubuntu-xenial
[   28.769854] cloud-init[967]: The key's randomart image is:
[   28.769877] cloud-init[967]: +---[ECDSA 256]---+
[   28.769901] cloud-init[967]: |                 |
[   28.769981] cloud-init[967]: |     o           |
[   28.770018] cloud-init[967]: |    B . .        |
[   28.770045] cloud-init[967]: |   = + + .       |
[   28.770069] [[0;32m  OK  [0m] Started ACPI Events Check.
[[0;32m  OK  [0m] Reached target Paths.
         Starting Socket activation for snappy daemon.
[[0;32m  OK  [0m] Listening on D-Bus System Message Bus Socket.
[[0;32m  OK  [0m] Listening on ACPID Listen Socket.
[[0;32m  OK  [0m] Started Timer to automatically refresh installed snaps.
[[0;32m  OK  [0m] Reached target Network is Online.
         Starting iSCSI initiator daemon (iscsid)...
[[0;32m  OK  [0m] Started Daily apt download activities.
[[0;32m  OK  [0m] Started Daily apt upgrade and clean activities.
[[0;32m  OK  [0m] Reached target Timers.
[[0;32m  OK  [0m] Reached target Cloud-config availability.
[[0;32m  OK  [0m] Listening on LXD - unix socket.
cloud-init[967]: |  . = = S        |
[[0;32m  OK  [0m] Listening on Socket activation for snappy daemon.
[   30.827381] cloud-init[967]: |   o B B *       |
[   30.894456] cloud-init[967]: |    B *oO =      |
[[0;32m  OK  [0m] Started iSCSI initiator daemon (iscsid).
[   30.922763] cloud-init[967]: |   o B====.oE.   |
[   30.972052] cloud-init[967]: |    +.+B.++ o.   |
         Starting Login to default iSCSI targets...
[[0;32m  OK  [0m] Reached target Sockets.
[   31.010755] cloud-init[967]: +----[SHA256]-----+
[   31.120341] cloud-init[967]: Generating public/private ed25519 key pair.
[[0;32m  OK  [0m] Reached target Basic System.
         Starting Login Service...
[   31.163763] cloud-init[967]: Your identification has been saved in /etc/ssh/ssh_host_ed25519_key.
[   31.276352] cloud-init[967]: Your public key has been saved in /etc/ssh/ssh_host_ed25519_key.pub.
[   31.276914] cloud-init[967]: The key fingerprint is:
[   31.276959] cloud-init[967]: SHA256:xicpIKGboz78z1vV3mhrVE/Wu6MiDodeSQUq9zjQzY0 root@ubuntu-xenial
[   31.276988] cloud-init[967]: The key's randomart image is:
[   31.277018] cloud-init[967]: +--[ED25519 256]--+
[   31.277057] cloud-init[967]: |  .      .       |
[   31.277096] cloud-init[967]: | . .  . + +      |
[   31.277138] cloud-init[967]: |. . .o + E o    .|
[   31.277174] cloud-init[967]: | o . .+.o.o  . o.|
[   31.277199] cloud-init[967]: |+     .oS+... + .|
[   31.277233] cloud-init[967]: |..     o=oo.o  o |
[   31.277275] cloud-init[967]: |o      + +.+ .  .|
[   31.277309] cloud-init[967]: |.o  . o +..o.  o |
[   31.277765] cloud-init[967]: | .o..+....o.... .|
[   31.277810] cloud-init[967]: +----[SHA256]-----+
[[0;32m  OK  [0m] Started Regular background program processing daemon.
         Starting Apply the settings specified in cloud-config...
[[0;32m  OK  [0m] Started FUSE filesystem for LXC.
         Starting Accounts Service...
         Starting Pollinate to seed the pseudo random number generator...
         Starting LSB: MD monitoring daemon...
         Starting System Logging Service...
[[0;32m  OK  [0m] Started D-Bus System Message Bus.
[[0;32m  OK  [0m] Started Deferred execution scheduler.
[[0;32m  OK  [0m] Started Unattended Upgrades Shutdown.
         Starting /etc/rc.local Compatibility...
         Starting LXD - container startup/shutdown...
[[0;32m  OK  [0m] Started ACPI event daemon.
         Starting LSB: Record successful boot for GRUB...
         Starting Snappy daemon...
[[0;32m  OK  [0m] Started System Logging Service.
[[0;32m  OK  [0m] Started /etc/rc.local Compatibility.
[[0;32m  OK  [0m] Started LXD - container startup/shutdown.
[[0;32m  OK  [0m] Started Snappy daemon.
[[0;32m  OK  [0m] Started Login to default iSCSI targets.
[[0;32m  OK  [0m] Started Pollinate to seed the pseudo random number generator.
[[0;32m  OK  [0m] Started LSB: MD monitoring daemon.
[   32.741152] cloud-init[1078]: Generating locales (this might take a while)...
[[0;32m  OK  [0m] Started LSB: Record successful boot for GRUB.
[[0;32m  OK  [0m] Started Login Service.
         Starting Authenticate and Authorize Users to Run Privileged Tasks...
         Starting OpenBSD Secure Shell server...
[[0;32m  OK  [0m] Reached target Remote File Systems (Pre).
[[0;32m  OK  [0m] Reached target Remote File Systems.
         Starting Permit User Sessions...
         Starting LSB: Set the CPU Frequency Scaling governor to "ondemand"...
         Starting LSB: VirtualBox Linux Additions...
         Starting LSB: automatic crash report generation...
         Starting LSB: daemon to balance interrupts for SMP systems...
[[0;32m  OK  [0m] Started OpenBSD Secure Shell server.
[[0;32m  OK  [0m] Started Permit User Sessions.
[[0;32m  OK  [0m] Started Authenticate and Authorize Users to Run Privileged Tasks.
[[0;32m  OK  [0m] Started Accounts Service.
[[0;32m  OK  [0m] Started LSB: Set the CPU Frequency Scaling governor to "ondemand".
         Starting Terminate Plymouth Boot Screen...
         Starting Hold until boot process finishes up...
[[0;32m  OK  [0m] Started LSB: VirtualBox Linux Additions.
[[0;32m  OK  [0m] Started LSB: automatic crash report generation.
[[0;32m  OK  [0m] Started Terminate Plymouth Boot Screen.
[[0;32m  OK  [0m] Started Hold until boot process finishes up.
[[0;32m  OK  [0m] Started Getty on tty1.
[[0;32m  OK  [0m] Started Serial Getty on ttyS0.
[[0;32m  OK  [0m] Reached target Login Prompts.
         Starting Set console scheme...
[[0;32m  OK  [0m] Started LSB: daemon to balance interrupts for SMP systems.
[[0;32m  OK  [0m] Started Set console scheme.
[   34.021130] cloud-init[1078]:   en_US.UTF-8... done
[   34.236753] cloud-init[1078]: Generation complete.
         Stopping OpenBSD Secure Shell server...
[[0;32m  OK  [0m] Stopped OpenBSD Secure Shell server.
         Starting OpenBSD Secure Shell server...
[[0;32m  OK  [0m] Started OpenBSD Secure Shell server.
[[0;32m  OK  [0m] Reached target Multi-User System.
[[0;32m  OK  [0m] Reached target Graphical Interface.
         Starting Update UTMP about System Runlevel Changes...
[[0;32m  OK  [0m] Created slice User Slice of ubuntu.
         Starting User Manager for UID 1000...
[[0;32m  OK  [0m] Started Update UTMP about System Runlevel Changes.
[[0;32m  OK  [0m] Started User Manager for UID 1000.
[[0;32m  OK  [0m] Started Session 1 of user ubuntu.
[   34.715127] cloud-init[1078]: Cloud-init v. 17.1 running 'modules:config' at Thu, 18 Jan 2018 08:08:43 +0000. Up 32.43 seconds.
[[0;32m  OK  [0m] Started Apply the settings specified in cloud-config.
         Starting Execute cloud user/final scripts...
ci-info: no authorized ssh keys fingerprints found for user ubuntu.
<14>Jan 18 08:08:46 ec2: 
<14>Jan 18 08:08:46 ec2: #############################################################
<14>Jan 18 08:08:46 ec2: -----BEGIN SSH HOST KEY FINGERPRINTS-----
<14>Jan 18 08:08:46 ec2: 1024 SHA256:IPxc9e6C2sua2+Ee+3RaPruj0N7Lq6iVi1R2g9uuzsY root@ubuntu-xenial (DSA)
<14>Jan 18 08:08:46 ec2: 256 SHA256:7yay2JQtmjfZY/oFtBiYWjP2GvxixrH0MbfJZvbB3jk root@ubuntu-xenial (ECDSA)
<14>Jan 18 08:08:46 ec2: 256 SHA256:xicpIKGboz78z1vV3mhrVE/Wu6MiDodeSQUq9zjQzY0 root@ubuntu-xenial (ED25519)
<14>Jan 18 08:08:46 ec2: 2048 SHA256:adPTmpN1LX5V/fI5AKo8BZG8EFESK2Ae0xMRhh4mhac root@ubuntu-xenial (RSA)
<14>Jan 18 08:08:46 ec2: -----END SSH HOST KEY FINGERPRINTS-----
<14>Jan 18 08:08:46 ec2: #############################################################
-----BEGIN SSH HOST KEY KEYS-----
ecdsa-sha2-nistp256 AAAAE2VjZHNhLXNoYTItbmlzdHAyNTYAAAAIbmlzdHAyNTYAAABBBGQEpGmknv+Q/SSgDHeC7g8ZH8fEl20AneIbkihhzFoKBXmf5wc7YJLQ2Ta8bd8G7vcexbt39JO48rOTXNQ11ho= root@ubuntu-xenial
ssh-ed25519 AAAAC3NzaC1lZDI1NTE5AAAAIHdzOSy9dRzCrmfPOq8D43Y77uIZXeG0/Vjon1vIAP9n root@ubuntu-xenial
ssh-rsa AAAAB3NzaC1yc2EAAAADAQABAAABAQC8yQ8UAacXgpFY7BRou1A8yDn5NB43zDlCEoCjlUnkA38ViFDrY+2ZiKLQdigQefAJJaZPJaD7djKvlmhUu57SnqU9HHpigPmCM0KWjVF46WCtUsxTK5jFe3HmoD0xQclIEBDvGfnfqwZhivMHf18TUfPTh8ZRGtJXV17YYvXpIjO2l/yAFn5wk/JRbOGRpx3jpg2/AHgPPufzobp5efImT9FJmrnAD5t4x/uuOEp7WZPKMUYlAWih4pXEslp7+LD9lQ+1LfVB15x3Jh2d7nSdASeeIK747NQg/palO3l5PlXJI7MCXXrKBO57P7JlVzjpcBKlW/HkhxAkfR6bVoST root@ubuntu-xenial
-----END SSH HOST KEY KEYS-----
         Stopping User Manager for UID 1000...
[[0;32m  OK  [0m] Stopped User Manager for UID 1000.
[   36.725419] cloud-init[1418]: Cloud-init v. 17.1 running 'modules:final' at Thu, 18 Jan 2018 08:08:46 +0000. Up 35.41 seconds.
[[0;32m  OK  [0m[   36.784220] cloud-init[1418]: ci-info: no authorized ssh keys fingerprints found for user ubuntu.
[   36.784380] cloud-init[1418]: Cloud-init v. 17.1 finished at Thu, 18 Jan 2018 08:08:47 +0000. Datasource DataSourceNoCloud [seed=/dev/sdb][dsmode=net].  Up 36.71 seconds
] Removed slice User Slice of ubuntu.
[[0;32m  OK  [0m] Started Execute cloud user/final scripts.
[[0;32m  OK  [0m] Reached target Cloud-init target.

Ubuntu 16.04.3 LTS ubuntu-xenial ttyS0

ubuntu-xenial login: 